<?xml version="1.0" encoding="UTF-8"?>
<testsuite xmlns:xsi="http://www.w3.org/2001/XMLSchema-instance" xsi:noNamespaceSchemaLocation="https://maven.apache.org/surefire/maven-surefire-plugin/xsd/surefire-test-report-3.0.xsd" version="3.0" name="TestSuite" time="6.396" tests="2" errors="0" skipped="0" failures="0">
  <properties>
[...]
</properties>
  <testcase name="testGetUser[1, Leanne Graham](1)" classname="com.example.tests.ParameterisedTests" time="3.581">
    <system-out><![CDATA[Request method:	GET
Request URI:	https://jsonplaceholder.typicode.com/users/1
Proxy:			<none>
Request params:	<none>
Query params:	<none>
Form params:	<none>
Path params:	<none>
Headers:		Authorization=Bearernull
				Accept=*/*
Cookies:		<none>
Multiparts:		<none>
Body:			<none>
hello io.restassured.internal.RestAssuredResponseImpl@4ace284d
Request method:	POST
Request URI:	https://jsonplaceholder.typicode.com/users/
Proxy:			<none>
Request params:	<none>
Query params:	<none>
Form params:	<none>
Path params:	<none>
Headers:		Authorization=Bearernull
				Accept=*/*
				Content-Type=text/plain; charset=ISO-8859-1
Cookies:		<none>
Multiparts:		<none>
Body:
{"name":"Leanne Graham","id":"1"}
hello io.restassured.internal.RestAssuredResponseImpl@35c8be21
]]></system-out>
    <system-err><![CDATA[SLF4J: No SLF4J providers were found.
SLF4J: Defaulting to no-operation (NOP) logger implementation
SLF4J: See https://www.slf4j.org/codes.html#noProviders for further details.
]]></system-err>
  </testcase>
  <testcase name="testGetUser[2, Ervin Howell](2)" classname="com.example.tests.ParameterisedTests" time="2.454">
    <system-out><![CDATA[Request method:	GET
Request URI:	https://jsonplaceholder.typicode.com/users/2
Proxy:			<none>
Request params:	<none>
Query params:	<none>
Form params:	<none>
Path params:	<none>
Headers:		Authorization=Bearernull
				Accept=*/*
Cookies:		<none>
Multiparts:		<none>
Body:			<none>
hello io.restassured.internal.RestAssuredResponseImpl@5a3cf878
Request method:	POST
Request URI:	https://jsonplaceholder.typicode.com/users/
Proxy:			<none>
Request params:	<none>
Query params:	<none>
Form params:	<none>
Path params:	<none>
Headers:		Authorization=Bearernull
				Accept=*/*
				Content-Type=text/plain; charset=ISO-8859-1
Cookies:		<none>
Multiparts:		<none>
Body:
{"name":"Ervin Howell","id":"2"}
hello io.restassured.internal.RestAssuredResponseImpl@63485d7
]]></system-out>
  </testcase>
</testsuite>